<<<<<<< Updated upstream
[2022-02-16 21:01:09,961: INFO/MainProcess] Connected to redis://redis:6379/0
[2022-02-16 21:01:09,965: INFO/MainProcess] mingle: searching for neighbors
[2022-02-16 21:01:10,977: INFO/MainProcess] mingle: all alone
[2022-02-16 21:01:10,994: INFO/MainProcess] celery@f9921f0e0b83 ready.
[2022-02-16 21:01:23,349: INFO/MainProcess] Task create_task[ceb6cffc-e426-4970-a5df-5a1fac4478cc] received
[2022-02-16 21:01:33,378: INFO/ForkPoolWorker-7] Task create_task[ceb6cffc-e426-4970-a5df-5a1fac4478cc] succeeded in 10.025073800003156s: True
[2022-02-16 21:05:56,474: INFO/MainProcess] Connected to redis://redis:6379/0
[2022-02-16 21:05:56,480: INFO/MainProcess] mingle: searching for neighbors
[2022-02-16 21:05:57,496: INFO/MainProcess] mingle: all alone
[2022-02-16 21:05:57,524: INFO/MainProcess] celery@ccd05c900b23 ready.
[2022-02-16 21:08:15,587: INFO/MainProcess] Connected to redis://redis:6379/0
[2022-02-16 21:08:15,591: INFO/MainProcess] mingle: searching for neighbors
[2022-02-16 21:08:16,602: INFO/MainProcess] mingle: all alone
[2022-02-16 21:08:16,619: INFO/MainProcess] celery@fd59f8fcf248 ready.
[2022-02-16 21:08:21,102: INFO/MainProcess] Events of group {task} enabled by remote.
[2022-02-16 21:09:17,007: INFO/MainProcess] Task create_task[63dd73eb-9eda-4fc7-8c04-dcf852c187ca] received
[2022-02-16 21:09:18,598: INFO/MainProcess] Task create_task[1be3d2fe-dd51-42e4-b2e5-9d6fd9d511a8] received
[2022-02-16 21:09:20,353: INFO/MainProcess] Task create_task[da68bdeb-d052-4149-8417-699740187498] received
[2022-02-16 21:09:21,683: INFO/MainProcess] Task create_task[9e367cd1-81f6-4b6c-aab7-336b2eb42026] received
[2022-02-16 21:09:22,367: INFO/MainProcess] Task create_task[ba55016e-8eb8-41b8-9c11-884b4ea71113] received
[2022-02-16 21:09:23,023: INFO/MainProcess] Task create_task[55ee8b9d-bd28-477d-94f3-16539392cad0] received
[2022-02-16 21:09:27,019: INFO/ForkPoolWorker-7] Task create_task[63dd73eb-9eda-4fc7-8c04-dcf852c187ca] succeeded in 10.007605899998453s: True
[2022-02-16 21:09:31,702: INFO/ForkPoolWorker-2] Task create_task[9e367cd1-81f6-4b6c-aab7-336b2eb42026] succeeded in 10.01563239999814s: True
[2022-02-16 21:09:32,389: INFO/ForkPoolWorker-3] Task create_task[ba55016e-8eb8-41b8-9c11-884b4ea71113] succeeded in 10.017498500004876s: True
[2022-02-16 21:09:33,046: INFO/ForkPoolWorker-4] Task create_task[55ee8b9d-bd28-477d-94f3-16539392cad0] succeeded in 10.018922599963844s: True
[2022-02-16 21:09:38,591: INFO/ForkPoolWorker-8] Task create_task[1be3d2fe-dd51-42e4-b2e5-9d6fd9d511a8] succeeded in 20.023398499994073s: True
[2022-02-16 21:09:50,355: INFO/ForkPoolWorker-1] Task create_task[da68bdeb-d052-4149-8417-699740187498] succeeded in 30.032274500001222s: True
[2022-02-16 21:10:02,365: INFO/MainProcess] Connected to redis://redis:6379/0
[2022-02-16 21:10:02,370: INFO/MainProcess] mingle: searching for neighbors
[2022-02-16 21:10:02,608: INFO/MainProcess] Connected to redis://redis:6379/0
[2022-02-16 21:10:02,614: INFO/MainProcess] mingle: searching for neighbors
[2022-02-16 21:10:02,613: INFO/MainProcess] Connected to redis://redis:6379/0
[2022-02-16 21:10:02,619: INFO/MainProcess] mingle: searching for neighbors
[2022-02-16 21:10:03,389: INFO/MainProcess] mingle: all alone
[2022-02-16 21:10:03,406: INFO/MainProcess] celery@f4816d6c1e17 ready.
[2022-02-16 21:10:03,626: INFO/MainProcess] mingle: all alone
[2022-02-16 21:10:03,630: INFO/MainProcess] mingle: all alone
[2022-02-16 21:10:03,644: INFO/MainProcess] celery@d061bc3bb074 ready.
[2022-02-16 21:10:03,646: INFO/MainProcess] celery@d1c806a2199b ready.
[2022-02-16 21:10:05,805: INFO/MainProcess] Task create_task[82ec16fb-6293-49b9-b7c9-6a1b560586dd] received
[2022-02-16 21:10:06,582: INFO/MainProcess] Task create_task[4f33b939-e849-4354-9012-77d715e6eae4] received
[2022-02-16 21:10:07,837: INFO/MainProcess] Task create_task[b3b2d236-a5d8-4427-880b-8db437a75feb] received
[2022-02-16 21:10:08,080: INFO/MainProcess] Events of group {task} enabled by remote.
[2022-02-16 21:10:08,080: INFO/MainProcess] Events of group {task} enabled by remote.
[2022-02-16 21:10:08,080: INFO/MainProcess] Events of group {task} enabled by remote.
[2022-02-16 21:10:10,526: INFO/MainProcess] Task create_task[00ec388c-ba20-47d2-9867-0724c7034c38] received
[2022-02-16 21:10:11,609: INFO/MainProcess] Task create_task[d10baa54-d5b9-4de3-90a5-bac9f09f482e] received
[2022-02-16 21:10:13,186: INFO/MainProcess] Task create_task[081fce78-9dec-44ca-a844-0e7a6d2dc298] received
[2022-02-16 21:10:14,346: INFO/MainProcess] Task create_task[725b9225-819c-4f3c-9a00-6653e76637a4] received
[2022-02-16 21:10:15,790: INFO/ForkPoolWorker-7] Task create_task[82ec16fb-6293-49b9-b7c9-6a1b560586dd] succeeded in 10.015644100029022s: True
[2022-02-16 21:10:16,565: INFO/ForkPoolWorker-7] Task create_task[4f33b939-e849-4354-9012-77d715e6eae4] succeeded in 10.014254699985031s: True
[2022-02-16 21:10:17,826: INFO/ForkPoolWorker-8] Task create_task[b3b2d236-a5d8-4427-880b-8db437a75feb] succeeded in 10.019260900036898s: True
[2022-02-16 21:10:25,805: INFO/MainProcess] Task create_task[d8d27dc7-5af0-4b52-b178-99a4aa660718] received
[2022-02-16 21:10:29,288: INFO/MainProcess] Task create_task[4a808dd4-d97e-49ef-b7b0-2185c0fab210] received
[2022-02-16 21:10:30,561: INFO/ForkPoolWorker-8] Task create_task[00ec388c-ba20-47d2-9867-0724c7034c38] succeeded in 20.03153660002863s: True
[2022-02-16 21:10:31,044: INFO/MainProcess] Task create_task[006f4446-f544-45d3-842f-5829a10ac502] received
[2022-02-16 21:10:31,641: INFO/ForkPoolWorker-7] Task create_task[d10baa54-d5b9-4de3-90a5-bac9f09f482e] succeeded in 20.027840199996717s: True
[2022-02-16 21:10:34,376: INFO/ForkPoolWorker-1] Task create_task[725b9225-819c-4f3c-9a00-6653e76637a4] succeeded in 20.026221800013445s: True
[2022-02-16 21:10:35,824: INFO/ForkPoolWorker-7] Task create_task[d8d27dc7-5af0-4b52-b178-99a4aa660718] succeeded in 10.01432030001888s: True
[2022-02-16 21:10:41,030: INFO/ForkPoolWorker-2] Task create_task[006f4446-f544-45d3-842f-5829a10ac502] succeeded in 10.017253800004255s: True
[2022-02-16 21:10:43,183: INFO/ForkPoolWorker-8] Task create_task[081fce78-9dec-44ca-a844-0e7a6d2dc298] succeeded in 30.025924300018232s: True
[2022-02-16 21:11:19,171: INFO/MainProcess] Connected to redis://redis:6379/0
[2022-02-16 21:11:19,174: INFO/MainProcess] mingle: searching for neighbors
[2022-02-16 21:11:20,187: INFO/MainProcess] mingle: all alone
[2022-02-16 21:11:20,203: INFO/MainProcess] celery@896d86af2108 ready.
[2022-02-16 21:11:24,671: INFO/MainProcess] Events of group {task} enabled by remote.
[2022-02-16 21:14:10,145: INFO/MainProcess] Task create_task[4ecddb30-35c8-4399-9f14-8bd532ef74b7] received
[2022-02-16 21:14:10,152: INFO/ForkPoolWorker-7] Task create_task[4ecddb30-35c8-4399-9f14-8bd532ef74b7] succeeded in 0.004089999943971634s: True
[2022-02-16 21:15:22,495: INFO/MainProcess] Task create_task[bf4fb287-e4f2-424d-bbf8-da4a064c91b8] received
[2022-02-16 21:15:22,499: INFO/ForkPoolWorker-7] Task create_task[bf4fb287-e4f2-424d-bbf8-da4a064c91b8] succeeded in 0.000928599969483912s: True
[2022-02-16 21:27:34,065: INFO/MainProcess] Connected to redis://redis:6379/0
[2022-02-16 21:27:34,071: INFO/MainProcess] mingle: searching for neighbors
[2022-02-16 21:27:35,083: INFO/MainProcess] mingle: all alone
[2022-02-16 21:27:35,099: INFO/MainProcess] celery@497fce8c9606 ready.
[2022-02-16 21:27:39,514: INFO/MainProcess] Events of group {task} enabled by remote.
[2022-02-16 21:28:20,282: INFO/MainProcess] Connected to redis://redis:6379/0
[2022-02-16 21:28:20,286: INFO/MainProcess] mingle: searching for neighbors
[2022-02-16 21:28:21,297: INFO/MainProcess] mingle: all alone
[2022-02-16 21:28:21,313: INFO/MainProcess] celery@8374b135e841 ready.
[2022-02-16 21:28:25,769: INFO/MainProcess] Events of group {task} enabled by remote.
[2022-02-16 21:28:39,261: INFO/MainProcess] Task create_task[393545d9-fd90-49d9-8f9d-ed0ef4cd7aec] received
[2022-02-16 21:28:49,280: INFO/ForkPoolWorker-7] Task create_task[393545d9-fd90-49d9-8f9d-ed0ef4cd7aec] succeeded in 10.01493579999078s: True
[2022-02-16 21:29:26,493: INFO/MainProcess] Task create_task[d39c559e-0e3e-4de7-91dc-7f2ef898fa68] received
[2022-02-16 21:29:26,498: INFO/ForkPoolWorker-7] Task create_task[d39c559e-0e3e-4de7-91dc-7f2ef898fa68] succeeded in 0.0014217999996617436s: True
=======
[2023-05-24 02:16:46,446: INFO/MainProcess] Connected to redis://redis:6379/0
[2023-05-24 02:16:46,474: INFO/MainProcess] mingle: searching for neighbors
[2023-05-24 02:16:47,490: INFO/MainProcess] mingle: all alone
[2023-05-24 02:16:47,505: INFO/MainProcess] celery@279a2b915c19 ready.
[2023-05-24 02:17:07,289: INFO/MainProcess] Task create_task[b7335e6d-7824-4694-ac17-778c6cd9858d] received
[2023-05-24 02:17:17,379: INFO/ForkPoolWorker-1] Task create_task[b7335e6d-7824-4694-ac17-778c6cd9858d] succeeded in 10.080024420050904s: True
[2023-05-24 02:18:51,188: INFO/MainProcess] Connected to redis://redis:6379/0
[2023-05-24 02:18:51,213: INFO/MainProcess] mingle: searching for neighbors
[2023-05-24 02:18:52,246: INFO/MainProcess] mingle: all alone
[2023-05-24 02:18:52,266: INFO/MainProcess] celery@a3ec85720190 ready.
[2023-05-24 02:19:15,792: INFO/MainProcess] Connected to redis://redis:6379/0
[2023-05-24 02:19:15,811: INFO/MainProcess] mingle: searching for neighbors
[2023-05-24 02:19:16,833: INFO/MainProcess] mingle: all alone
[2023-05-24 02:19:16,877: INFO/MainProcess] celery@f0f0ecd6f9b7 ready.
[2023-05-24 02:19:16,979: INFO/MainProcess] Events of group {task} enabled by remote.
[2023-05-24 02:20:11,659: INFO/MainProcess] Connected to redis://redis:6379/0
[2023-05-24 02:20:11,665: INFO/MainProcess] mingle: searching for neighbors
[2023-05-24 02:20:17,703: INFO/MainProcess] mingle: all alone
[2023-05-24 02:20:17,722: INFO/MainProcess] celery@7e9ffb79b9e4 ready.
[2023-05-24 02:20:17,857: INFO/MainProcess] Events of group {task} enabled by remote.
[2023-05-24 02:20:40,277: INFO/MainProcess] Task create_task[b132add7-7d62-4113-b41f-b04b9734ebed] received
[2023-05-24 02:20:50,343: INFO/ForkPoolWorker-3] Task create_task[b132add7-7d62-4113-b41f-b04b9734ebed] succeeded in 10.036856379010715s: True
[2023-05-24 02:22:26,817: INFO/MainProcess] Connected to redis://redis:6379/0
[2023-05-24 02:22:31,843: INFO/MainProcess] mingle: searching for neighbors
[2023-05-24 02:22:32,281: INFO/MainProcess] Connected to redis://redis:6379/0
[2023-05-24 02:22:32,298: INFO/MainProcess] mingle: searching for neighbors
[2023-05-24 02:22:32,603: INFO/MainProcess] Connected to redis://redis:6379/0
[2023-05-24 02:22:32,618: INFO/MainProcess] mingle: searching for neighbors
[2023-05-24 02:22:32,881: INFO/MainProcess] mingle: all alone
[2023-05-24 02:22:32,913: INFO/MainProcess] celery@7dec4d39c318 ready.
[2023-05-24 02:22:33,316: INFO/MainProcess] mingle: all alone
[2023-05-24 02:22:33,340: INFO/MainProcess] celery@9dae11c8f16f ready.
[2023-05-24 02:22:33,640: INFO/MainProcess] mingle: all alone
[2023-05-24 02:22:33,672: INFO/MainProcess] celery@84ad77516c53 ready.
[2023-05-24 02:22:33,801: INFO/MainProcess] Events of group {task} enabled by remote.
[2023-05-24 02:22:33,801: INFO/MainProcess] Events of group {task} enabled by remote.
[2023-05-24 02:22:33,801: INFO/MainProcess] Events of group {task} enabled by remote.
[2023-05-24 02:28:21,802: INFO/MainProcess] Task create_task[37f8a0e1-1b0a-40c8-b852-b41a22f0b532] received
[2023-05-24 02:28:21,845: INFO/ForkPoolWorker-3] Task create_task[37f8a0e1-1b0a-40c8-b852-b41a22f0b532] succeeded in 0.021255291998386383s: True
[2023-05-24 02:29:50,193: INFO/MainProcess] Task create_task[f62b822d-1408-4550-a6f4-4b57b86ea804] received
[2023-05-24 02:29:51,179: INFO/MainProcess] Task create_task[1e5d1063-9faa-4c77-990f-863a7fb3a969] received
[2023-05-24 02:29:53,720: INFO/MainProcess] Task create_task[0e400914-6c27-4917-a19d-9cb6b84da9ae] received
[2023-05-24 02:30:03,756: INFO/ForkPoolWorker-3] Task create_task[0e400914-6c27-4917-a19d-9cb6b84da9ae] succeeded in 10.02230792096816s: True
[2023-05-24 02:30:06,308: INFO/ForkPoolWorker-1] Task create_task[1e5d1063-9faa-4c77-990f-863a7fb3a969] succeeded in 15.104486257070675s: True
[2023-05-24 02:30:15,304: INFO/ForkPoolWorker-3] Task create_task[f62b822d-1408-4550-a6f4-4b57b86ea804] succeeded in 25.072094428935088s: True
[2023-05-24 02:40:33,941: INFO/MainProcess] Task create_task[9d52059c-2b2a-4c46-86ec-7e7b855e9785] received
[2023-05-24 02:40:43,998: INFO/ForkPoolWorker-3] Task create_task[9d52059c-2b2a-4c46-86ec-7e7b855e9785] succeeded in 10.025029337964952s: True
[2023-05-24 02:43:47,659: INFO/MainProcess] Task create_task[a0b6596b-f7c3-46c8-a8dd-8fb82654db7a] received
[2023-05-24 02:43:57,695: INFO/ForkPoolWorker-3] Task create_task[a0b6596b-f7c3-46c8-a8dd-8fb82654db7a] succeeded in 10.020591337932274s: True
>>>>>>> Stashed changes
